[0.187s] [34mcolcon[0m [1;30mDEBUG[0m [32mCommand line arguments: ['/Users/Colegio/miniforge3/envs/ros_env/bin/colcon', 'build'][0m
[0.187s] [34mcolcon[0m [1;30mDEBUG[0m [32mParsed command line arguments: Namespace(log_base=None, log_level=None, verb_name='build', build_base='build', install_base='install', merge_install=False, symlink_install=False, test_result_base=None, continue_on_error=False, executor='parallel', parallel_workers=8, event_handlers=None, ignore_user_meta=False, metas=['./colcon.meta'], base_paths=['.'], packages_ignore=None, packages_ignore_regex=None, paths=None, packages_up_to=None, packages_up_to_regex=None, packages_above=None, packages_above_and_dependencies=None, packages_above_depth=None, packages_select_by_dep=None, packages_skip_by_dep=None, packages_skip_up_to=None, packages_select_build_failed=False, packages_skip_build_finished=False, packages_select_test_failures=False, packages_skip_test_passed=False, packages_select=None, packages_skip=None, packages_select_regex=None, packages_skip_regex=None, packages_start=None, packages_end=None, cmake_args=None, cmake_target=None, cmake_target_skip_unavailable=False, cmake_clean_cache=False, cmake_clean_first=False, cmake_force_configure=False, ament_cmake_args=None, catkin_cmake_args=None, catkin_skip_building_tests=False, verb_parser=<colcon_defaults.argument_parser.defaults.DefaultArgumentsDecorator object at 0x1056d7e90>, verb_extension=<colcon_core.verb.build.BuildVerb object at 0x1056d77d0>, main=<bound method BuildVerb.main of <colcon_core.verb.build.BuildVerb object at 0x1056d77d0>>)[0m
[0.222s] [34mcolcon.colcon_core.package_discovery[0m [1;30mLevel 1[0m discover_packages(colcon_meta) check parameters
[0.222s] [34mcolcon.colcon_core.package_discovery[0m [1;30mLevel 1[0m discover_packages(recursive) check parameters
[0.222s] [34mcolcon.colcon_core.package_discovery[0m [1;30mLevel 1[0m discover_packages(ignore) check parameters
[0.222s] [34mcolcon.colcon_core.package_discovery[0m [1;30mLevel 1[0m discover_packages(path) check parameters
[0.222s] [34mcolcon.colcon_core.package_discovery[0m [1;30mLevel 1[0m discover_packages(colcon_meta) discover
[0.223s] [34mcolcon.colcon_core.package_discovery[0m [1;30mLevel 1[0m discover_packages(recursive) discover
[0.223s] [34mcolcon.colcon_core.package_discovery[0m [1;30mINFO[0m Crawling recursively for packages in '/Users/Colegio/miniforge3/envs/ros_env/share/turtlebot3_gazebo/pra_ws'
[0.223s] [34mcolcon.colcon_core.package_identification[0m [1;30mLevel 1[0m _identify(.) by extensions ['ignore', 'ignore_ament_install']
[0.223s] [34mcolcon.colcon_core.package_identification[0m [1;30mLevel 1[0m _identify(.) by extension 'ignore'
[0.223s] [34mcolcon.colcon_core.package_identification[0m [1;30mLevel 1[0m _identify(.) by extension 'ignore_ament_install'
[0.223s] [34mcolcon.colcon_core.package_identification[0m [1;30mLevel 1[0m _identify(.) by extensions ['colcon_pkg']
[0.223s] [34mcolcon.colcon_core.package_identification[0m [1;30mLevel 1[0m _identify(.) by extension 'colcon_pkg'
[0.223s] [34mcolcon.colcon_core.package_identification[0m [1;30mLevel 1[0m _identify(.) by extensions ['colcon_meta']
[0.223s] [34mcolcon.colcon_core.package_identification[0m [1;30mLevel 1[0m _identify(.) by extension 'colcon_meta'
[0.223s] [34mcolcon.colcon_core.package_identification[0m [1;30mLevel 1[0m _identify(.) by extensions ['ros']
[0.223s] [34mcolcon.colcon_core.package_identification[0m [1;30mLevel 1[0m _identify(.) by extension 'ros'
[0.246s] [34mcolcon.colcon_core.package_identification[0m [1;30mLevel 1[0m _identify(.) by extensions ['cmake', 'python']
[0.246s] [34mcolcon.colcon_core.package_identification[0m [1;30mLevel 1[0m _identify(.) by extension 'cmake'
[0.246s] [34mcolcon.colcon_core.package_identification[0m [1;30mLevel 1[0m _identify(.) by extension 'python'
[0.246s] [34mcolcon.colcon_core.package_identification[0m [1;30mLevel 1[0m _identify(.) by extensions ['python_setup_py']
[0.246s] [34mcolcon.colcon_core.package_identification[0m [1;30mLevel 1[0m _identify(.) by extension 'python_setup_py'
[0.246s] [34mcolcon.colcon_core.package_identification[0m [1;30mLevel 1[0m _identify(build) by extensions ['ignore', 'ignore_ament_install']
[0.246s] [34mcolcon.colcon_core.package_identification[0m [1;30mLevel 1[0m _identify(build) by extension 'ignore'
[0.246s] [34mcolcon.colcon_core.package_identification[0m [1;30mLevel 1[0m _identify(build) ignored
[0.246s] [34mcolcon.colcon_core.package_identification[0m [1;30mLevel 1[0m _identify(install) by extensions ['ignore', 'ignore_ament_install']
[0.246s] [34mcolcon.colcon_core.package_identification[0m [1;30mLevel 1[0m _identify(install) by extension 'ignore'
[0.246s] [34mcolcon.colcon_core.package_identification[0m [1;30mLevel 1[0m _identify(install) ignored
[0.246s] [34mcolcon.colcon_core.package_identification[0m [1;30mLevel 1[0m _identify(log) by extensions ['ignore', 'ignore_ament_install']
[0.246s] [34mcolcon.colcon_core.package_identification[0m [1;30mLevel 1[0m _identify(log) by extension 'ignore'
[0.246s] [34mcolcon.colcon_core.package_identification[0m [1;30mLevel 1[0m _identify(log) ignored
[0.246s] [34mcolcon.colcon_core.package_identification[0m [1;30mLevel 1[0m _identify(src) by extensions ['ignore', 'ignore_ament_install']
[0.246s] [34mcolcon.colcon_core.package_identification[0m [1;30mLevel 1[0m _identify(src) by extension 'ignore'
[0.246s] [34mcolcon.colcon_core.package_identification[0m [1;30mLevel 1[0m _identify(src) by extension 'ignore_ament_install'
[0.246s] [34mcolcon.colcon_core.package_identification[0m [1;30mLevel 1[0m _identify(src) by extensions ['colcon_pkg']
[0.246s] [34mcolcon.colcon_core.package_identification[0m [1;30mLevel 1[0m _identify(src) by extension 'colcon_pkg'
[0.246s] [34mcolcon.colcon_core.package_identification[0m [1;30mLevel 1[0m _identify(src) by extensions ['colcon_meta']
[0.246s] [34mcolcon.colcon_core.package_identification[0m [1;30mLevel 1[0m _identify(src) by extension 'colcon_meta'
[0.246s] [34mcolcon.colcon_core.package_identification[0m [1;30mLevel 1[0m _identify(src) by extensions ['ros']
[0.246s] [34mcolcon.colcon_core.package_identification[0m [1;30mLevel 1[0m _identify(src) by extension 'ros'
[0.247s] [34mcolcon.colcon_core.package_identification[0m [1;30mLevel 1[0m _identify(src) by extensions ['cmake', 'python']
[0.247s] [34mcolcon.colcon_core.package_identification[0m [1;30mLevel 1[0m _identify(src) by extension 'cmake'
[0.247s] [34mcolcon.colcon_core.package_identification[0m [1;30mLevel 1[0m _identify(src) by extension 'python'
[0.247s] [34mcolcon.colcon_core.package_identification[0m [1;30mLevel 1[0m _identify(src) by extensions ['python_setup_py']
[0.247s] [34mcolcon.colcon_core.package_identification[0m [1;30mLevel 1[0m _identify(src) by extension 'python_setup_py'
[0.247s] [34mcolcon.colcon_core.package_identification[0m [1;30mLevel 1[0m _identify(src/turtlebot3_slam_mapper) by extensions ['ignore', 'ignore_ament_install']
[0.247s] [34mcolcon.colcon_core.package_identification[0m [1;30mLevel 1[0m _identify(src/turtlebot3_slam_mapper) by extension 'ignore'
[0.247s] [34mcolcon.colcon_core.package_identification[0m [1;30mLevel 1[0m _identify(src/turtlebot3_slam_mapper) by extension 'ignore_ament_install'
[0.247s] [34mcolcon.colcon_core.package_identification[0m [1;30mLevel 1[0m _identify(src/turtlebot3_slam_mapper) by extensions ['colcon_pkg']
[0.247s] [34mcolcon.colcon_core.package_identification[0m [1;30mLevel 1[0m _identify(src/turtlebot3_slam_mapper) by extension 'colcon_pkg'
[0.247s] [34mcolcon.colcon_core.package_identification[0m [1;30mLevel 1[0m _identify(src/turtlebot3_slam_mapper) by extensions ['colcon_meta']
[0.247s] [34mcolcon.colcon_core.package_identification[0m [1;30mLevel 1[0m _identify(src/turtlebot3_slam_mapper) by extension 'colcon_meta'
[0.247s] [34mcolcon.colcon_core.package_identification[0m [1;30mLevel 1[0m _identify(src/turtlebot3_slam_mapper) by extensions ['ros']
[0.247s] [34mcolcon.colcon_core.package_identification[0m [1;30mLevel 1[0m _identify(src/turtlebot3_slam_mapper) by extension 'ros'
[0.250s] [34mcolcon.colcon_core.package_identification[0m [1;30mDEBUG[0m [32mPackage 'src/turtlebot3_slam_mapper' with type 'ros.ament_python' and name 'turtlebot3_slam_mapper'[0m
[0.250s] [34mcolcon.colcon_core.package_discovery[0m [1;30mLevel 1[0m discover_packages(recursive) using defaults
[0.250s] [34mcolcon.colcon_core.package_discovery[0m [1;30mLevel 1[0m discover_packages(ignore) discover
[0.250s] [34mcolcon.colcon_core.package_discovery[0m [1;30mLevel 1[0m discover_packages(ignore) using defaults
[0.250s] [34mcolcon.colcon_core.package_discovery[0m [1;30mLevel 1[0m discover_packages(path) discover
[0.250s] [34mcolcon.colcon_core.package_discovery[0m [1;30mLevel 1[0m discover_packages(path) using defaults
[0.264s] [34mcolcon.colcon_core.verb[0m [1;30mLevel 5[0m set package 'turtlebot3_slam_mapper' build argument 'cmake_args' from command line to 'None'
[0.264s] [34mcolcon.colcon_core.verb[0m [1;30mLevel 5[0m set package 'turtlebot3_slam_mapper' build argument 'cmake_target' from command line to 'None'
[0.264s] [34mcolcon.colcon_core.verb[0m [1;30mLevel 5[0m set package 'turtlebot3_slam_mapper' build argument 'cmake_target_skip_unavailable' from command line to 'False'
[0.264s] [34mcolcon.colcon_core.verb[0m [1;30mLevel 5[0m set package 'turtlebot3_slam_mapper' build argument 'cmake_clean_cache' from command line to 'False'
[0.264s] [34mcolcon.colcon_core.verb[0m [1;30mLevel 5[0m set package 'turtlebot3_slam_mapper' build argument 'cmake_clean_first' from command line to 'False'
[0.264s] [34mcolcon.colcon_core.verb[0m [1;30mLevel 5[0m set package 'turtlebot3_slam_mapper' build argument 'cmake_force_configure' from command line to 'False'
[0.264s] [34mcolcon.colcon_core.verb[0m [1;30mLevel 5[0m set package 'turtlebot3_slam_mapper' build argument 'ament_cmake_args' from command line to 'None'
[0.264s] [34mcolcon.colcon_core.verb[0m [1;30mLevel 5[0m set package 'turtlebot3_slam_mapper' build argument 'catkin_cmake_args' from command line to 'None'
[0.264s] [34mcolcon.colcon_core.verb[0m [1;30mLevel 5[0m set package 'turtlebot3_slam_mapper' build argument 'catkin_skip_building_tests' from command line to 'False'
[0.264s] [34mcolcon.colcon_core.verb[0m [1;30mDEBUG[0m [32mBuilding package 'turtlebot3_slam_mapper' with the following arguments: {'ament_cmake_args': None, 'build_base': '/Users/Colegio/miniforge3/envs/ros_env/share/turtlebot3_gazebo/pra_ws/build/turtlebot3_slam_mapper', 'catkin_cmake_args': None, 'catkin_skip_building_tests': False, 'cmake_args': None, 'cmake_clean_cache': False, 'cmake_clean_first': False, 'cmake_force_configure': False, 'cmake_target': None, 'cmake_target_skip_unavailable': False, 'install_base': '/Users/Colegio/miniforge3/envs/ros_env/share/turtlebot3_gazebo/pra_ws/install/turtlebot3_slam_mapper', 'merge_install': False, 'path': '/Users/Colegio/miniforge3/envs/ros_env/share/turtlebot3_gazebo/pra_ws/src/turtlebot3_slam_mapper', 'symlink_install': False, 'test_result_base': None}[0m
[0.264s] [34mcolcon.colcon_core.executor[0m [1;30mINFO[0m Executing jobs using 'parallel' executor
[0.264s] [34mcolcon.colcon_parallel_executor.executor.parallel[0m [1;30mDEBUG[0m [32mrun_until_complete[0m
[0.264s] [34mcolcon.colcon_ros.task.ament_python.build[0m [1;30mINFO[0m Building ROS package in '/Users/Colegio/miniforge3/envs/ros_env/share/turtlebot3_gazebo/pra_ws/src/turtlebot3_slam_mapper' with build type 'ament_python'
[0.265s] [34mcolcon.colcon_core.shell[0m [1;30mLevel 1[0m create_environment_hook('turtlebot3_slam_mapper', 'ament_prefix_path')
[0.266s] [34mcolcon.colcon_core.plugin_system[0m [1;30mINFO[0m Skipping extension 'colcon_core.shell.bat': Not used on non-Windows systems
[0.266s] [34mcolcon.colcon_core.shell[0m [1;30mINFO[0m Creating environment hook '/Users/Colegio/miniforge3/envs/ros_env/share/turtlebot3_gazebo/pra_ws/install/turtlebot3_slam_mapper/share/turtlebot3_slam_mapper/hook/ament_prefix_path.ps1'
[0.267s] [34mcolcon.colcon_core.shell[0m [1;30mINFO[0m Creating environment descriptor '/Users/Colegio/miniforge3/envs/ros_env/share/turtlebot3_gazebo/pra_ws/install/turtlebot3_slam_mapper/share/turtlebot3_slam_mapper/hook/ament_prefix_path.dsv'
[0.267s] [34mcolcon.colcon_core.shell[0m [1;30mINFO[0m Creating environment hook '/Users/Colegio/miniforge3/envs/ros_env/share/turtlebot3_gazebo/pra_ws/install/turtlebot3_slam_mapper/share/turtlebot3_slam_mapper/hook/ament_prefix_path.sh'
[0.268s] [34mcolcon.colcon_core.shell[0m [1;30mINFO[0m Skip shell extension 'powershell' for command environment: Not usable outside of PowerShell
[0.268s] [34mcolcon.colcon_core.shell[0m [1;30mDEBUG[0m [32mSkip shell extension 'dsv' for command environment[0m
[0.415s] [34mcolcon.colcon_core.task.python.build[0m [1;30mINFO[0m Building Python package in '/Users/Colegio/miniforge3/envs/ros_env/share/turtlebot3_gazebo/pra_ws/src/turtlebot3_slam_mapper'
[0.415s] [34mcolcon.colcon_core.shell[0m [1;30mINFO[0m Skip shell extension 'powershell' for command environment: Not usable outside of PowerShell
[0.415s] [34mcolcon.colcon_core.shell[0m [1;30mDEBUG[0m [32mSkip shell extension 'dsv' for command environment[0m
[0.666s] [34mcolcon.colcon_core.event_handler.log_command[0m [1;30mDEBUG[0m [32mInvoking command in '/Users/Colegio/miniforge3/envs/ros_env/share/turtlebot3_gazebo/pra_ws/src/turtlebot3_slam_mapper': CONDA_PROMPT_MODIFIER=(ros_env) PYTHONPATH=/Users/Colegio/miniforge3/envs/ros_env/share/turtlebot3_gazebo/pra_ws/build/turtlebot3_slam_mapper/prefix_override:/Users/Colegio/miniforge3/envs/ros_env/lib/python3.11/site-packages/colcon_core/task/python/colcon_distutils_commands:/Users/Colegio/miniforge3/envs/ros_env/share/turtlebot3_gazebo/pra_ws/install/turtlebot3_slam_mapper/lib/python3.11/site-packages:${PYTHONPATH} SHLVL=2 _=/Users/Colegio/miniforge3/envs/ros_env/bin/env __CF_USER_TEXT_ENCODING=0x1F6:0x0:0x0 /Users/Colegio/miniforge3/envs/ros_env/bin/python3.11 -W ignore:setup.py install is deprecated -W ignore:easy_install command is deprecated setup.py egg_info --egg-base ../../build/turtlebot3_slam_mapper build --build-base /Users/Colegio/miniforge3/envs/ros_env/share/turtlebot3_gazebo/pra_ws/build/turtlebot3_slam_mapper/build install --record /Users/Colegio/miniforge3/envs/ros_env/share/turtlebot3_gazebo/pra_ws/build/turtlebot3_slam_mapper/install.log --single-version-externally-managed install_data[0m
[0.928s] [34mcolcon.colcon_core.event_handler.log_command[0m [1;30mDEBUG[0m [32mInvoked command in '/Users/Colegio/miniforge3/envs/ros_env/share/turtlebot3_gazebo/pra_ws/src/turtlebot3_slam_mapper' returned '0': CONDA_PROMPT_MODIFIER=(ros_env) PYTHONPATH=/Users/Colegio/miniforge3/envs/ros_env/share/turtlebot3_gazebo/pra_ws/build/turtlebot3_slam_mapper/prefix_override:/Users/Colegio/miniforge3/envs/ros_env/lib/python3.11/site-packages/colcon_core/task/python/colcon_distutils_commands:/Users/Colegio/miniforge3/envs/ros_env/share/turtlebot3_gazebo/pra_ws/install/turtlebot3_slam_mapper/lib/python3.11/site-packages:${PYTHONPATH} SHLVL=2 _=/Users/Colegio/miniforge3/envs/ros_env/bin/env __CF_USER_TEXT_ENCODING=0x1F6:0x0:0x0 /Users/Colegio/miniforge3/envs/ros_env/bin/python3.11 -W ignore:setup.py install is deprecated -W ignore:easy_install command is deprecated setup.py egg_info --egg-base ../../build/turtlebot3_slam_mapper build --build-base /Users/Colegio/miniforge3/envs/ros_env/share/turtlebot3_gazebo/pra_ws/build/turtlebot3_slam_mapper/build install --record /Users/Colegio/miniforge3/envs/ros_env/share/turtlebot3_gazebo/pra_ws/build/turtlebot3_slam_mapper/install.log --single-version-externally-managed install_data[0m
[0.932s] [34mcolcon.colcon_core.environment[0m [1;30mLevel 1[0m checking '/Users/Colegio/miniforge3/envs/ros_env/share/turtlebot3_gazebo/pra_ws/install/turtlebot3_slam_mapper' for CMake module files
[0.932s] [34mcolcon.colcon_core.environment[0m [1;30mLevel 1[0m checking '/Users/Colegio/miniforge3/envs/ros_env/share/turtlebot3_gazebo/pra_ws/install/turtlebot3_slam_mapper' for CMake config files
[0.933s] [34mcolcon.colcon_core.environment[0m [1;30mLevel 1[0m checking '/Users/Colegio/miniforge3/envs/ros_env/share/turtlebot3_gazebo/pra_ws/install/turtlebot3_slam_mapper/lib'
[0.933s] [34mcolcon.colcon_core.environment[0m [1;30mLevel 1[0m checking '/Users/Colegio/miniforge3/envs/ros_env/share/turtlebot3_gazebo/pra_ws/install/turtlebot3_slam_mapper/bin'
[0.933s] [34mcolcon.colcon_core.environment[0m [1;30mLevel 1[0m checking '/Users/Colegio/miniforge3/envs/ros_env/share/turtlebot3_gazebo/pra_ws/install/turtlebot3_slam_mapper/lib/pkgconfig/turtlebot3_slam_mapper.pc'
[0.933s] [34mcolcon.colcon_core.environment[0m [1;30mLevel 1[0m checking '/Users/Colegio/miniforge3/envs/ros_env/share/turtlebot3_gazebo/pra_ws/install/turtlebot3_slam_mapper/lib/python3.11/site-packages'
[0.933s] [34mcolcon.colcon_core.shell[0m [1;30mLevel 1[0m create_environment_hook('turtlebot3_slam_mapper', 'pythonpath')
[0.933s] [34mcolcon.colcon_core.shell[0m [1;30mINFO[0m Creating environment hook '/Users/Colegio/miniforge3/envs/ros_env/share/turtlebot3_gazebo/pra_ws/install/turtlebot3_slam_mapper/share/turtlebot3_slam_mapper/hook/pythonpath.ps1'
[0.934s] [34mcolcon.colcon_core.shell[0m [1;30mINFO[0m Creating environment descriptor '/Users/Colegio/miniforge3/envs/ros_env/share/turtlebot3_gazebo/pra_ws/install/turtlebot3_slam_mapper/share/turtlebot3_slam_mapper/hook/pythonpath.dsv'
[0.934s] [34mcolcon.colcon_core.shell[0m [1;30mINFO[0m Creating environment hook '/Users/Colegio/miniforge3/envs/ros_env/share/turtlebot3_gazebo/pra_ws/install/turtlebot3_slam_mapper/share/turtlebot3_slam_mapper/hook/pythonpath.sh'
[0.934s] [34mcolcon.colcon_core.environment[0m [1;30mLevel 1[0m checking '/Users/Colegio/miniforge3/envs/ros_env/share/turtlebot3_gazebo/pra_ws/install/turtlebot3_slam_mapper/bin'
[0.934s] [34mcolcon.colcon_core.environment[0m [1;30mLevel 1[0m create_environment_scripts_only(turtlebot3_slam_mapper)
[0.934s] [34mcolcon.colcon_core.shell[0m [1;30mINFO[0m Creating package script '/Users/Colegio/miniforge3/envs/ros_env/share/turtlebot3_gazebo/pra_ws/install/turtlebot3_slam_mapper/share/turtlebot3_slam_mapper/package.ps1'
[0.935s] [34mcolcon.colcon_core.shell[0m [1;30mINFO[0m Creating package descriptor '/Users/Colegio/miniforge3/envs/ros_env/share/turtlebot3_gazebo/pra_ws/install/turtlebot3_slam_mapper/share/turtlebot3_slam_mapper/package.dsv'
[0.935s] [34mcolcon.colcon_core.shell[0m [1;30mINFO[0m Creating package script '/Users/Colegio/miniforge3/envs/ros_env/share/turtlebot3_gazebo/pra_ws/install/turtlebot3_slam_mapper/share/turtlebot3_slam_mapper/package.sh'
[0.936s] [34mcolcon.colcon_core.shell[0m [1;30mINFO[0m Creating package script '/Users/Colegio/miniforge3/envs/ros_env/share/turtlebot3_gazebo/pra_ws/install/turtlebot3_slam_mapper/share/turtlebot3_slam_mapper/package.bash'
[0.936s] [34mcolcon.colcon_core.shell[0m [1;30mINFO[0m Creating package script '/Users/Colegio/miniforge3/envs/ros_env/share/turtlebot3_gazebo/pra_ws/install/turtlebot3_slam_mapper/share/turtlebot3_slam_mapper/package.zsh'
[0.937s] [34mcolcon.colcon_core.environment[0m [1;30mLevel 1[0m create_file_with_runtime_dependencies(/Users/Colegio/miniforge3/envs/ros_env/share/turtlebot3_gazebo/pra_ws/install/turtlebot3_slam_mapper/share/colcon-core/packages/turtlebot3_slam_mapper)
[0.937s] [34mcolcon.colcon_parallel_executor.executor.parallel[0m [1;30mDEBUG[0m [32mclosing loop[0m
[0.937s] [34mcolcon.colcon_parallel_executor.executor.parallel[0m [1;30mDEBUG[0m [32mloop closed[0m
[0.937s] [34mcolcon.colcon_parallel_executor.executor.parallel[0m [1;30mDEBUG[0m [32mrun_until_complete finished with '0'[0m
[0.937s] [34mcolcon.colcon_core.event_reactor[0m [1;30mDEBUG[0m [32mjoining thread[0m
[0.937s] [34mcolcon.colcon_core.event_reactor[0m [1;30mDEBUG[0m [32mjoined thread[0m
[0.937s] [34mcolcon.colcon_core.shell[0m [1;30mINFO[0m Creating prefix script '/Users/Colegio/miniforge3/envs/ros_env/share/turtlebot3_gazebo/pra_ws/install/local_setup.ps1'
[0.938s] [34mcolcon.colcon_core.shell[0m [1;30mINFO[0m Creating prefix util module '/Users/Colegio/miniforge3/envs/ros_env/share/turtlebot3_gazebo/pra_ws/install/_local_setup_util_ps1.py'
[0.939s] [34mcolcon.colcon_core.shell[0m [1;30mINFO[0m Creating prefix chain script '/Users/Colegio/miniforge3/envs/ros_env/share/turtlebot3_gazebo/pra_ws/install/setup.ps1'
[0.940s] [34mcolcon.colcon_core.shell[0m [1;30mINFO[0m Creating prefix script '/Users/Colegio/miniforge3/envs/ros_env/share/turtlebot3_gazebo/pra_ws/install/local_setup.sh'
[0.940s] [34mcolcon.colcon_core.shell[0m [1;30mINFO[0m Creating prefix util module '/Users/Colegio/miniforge3/envs/ros_env/share/turtlebot3_gazebo/pra_ws/install/_local_setup_util_sh.py'
[0.940s] [34mcolcon.colcon_core.shell[0m [1;30mINFO[0m Creating prefix chain script '/Users/Colegio/miniforge3/envs/ros_env/share/turtlebot3_gazebo/pra_ws/install/setup.sh'
[0.941s] [34mcolcon.colcon_core.shell[0m [1;30mINFO[0m Creating prefix script '/Users/Colegio/miniforge3/envs/ros_env/share/turtlebot3_gazebo/pra_ws/install/local_setup.bash'
[0.942s] [34mcolcon.colcon_core.shell[0m [1;30mINFO[0m Creating prefix chain script '/Users/Colegio/miniforge3/envs/ros_env/share/turtlebot3_gazebo/pra_ws/install/setup.bash'
[0.942s] [34mcolcon.colcon_core.shell[0m [1;30mINFO[0m Creating prefix script '/Users/Colegio/miniforge3/envs/ros_env/share/turtlebot3_gazebo/pra_ws/install/local_setup.zsh'
[0.943s] [34mcolcon.colcon_core.shell[0m [1;30mINFO[0m Creating prefix chain script '/Users/Colegio/miniforge3/envs/ros_env/share/turtlebot3_gazebo/pra_ws/install/setup.zsh'
