[0.544s] Invoking command in '/Users/Colegio/miniforge3/envs/ros_env/share/turtlebot3_gazebo/pra_ws/src/my_py_amcl': CONDA_PROMPT_MODIFIER=(ros_env) PYTHONPATH=/Users/Colegio/miniforge3/envs/ros_env/share/turtlebot3_gazebo/pra_ws/build/my_py_amcl/prefix_override:/Users/Colegio/miniforge3/envs/ros_env/lib/python3.11/site-packages/colcon_core/task/python/colcon_distutils_commands:/Users/Colegio/miniforge3/envs/ros_env/share/turtlebot3_gazebo/pra_ws/install/my_py_amcl/lib/python3.11/site-packages:${PYTHONPATH} SHLVL=2 _=/Users/Colegio/miniforge3/envs/ros_env/bin/env __CF_USER_TEXT_ENCODING=0x1F6:0x0:0x0 /Users/Colegio/miniforge3/envs/ros_env/bin/python3.11 -W ignore:setup.py install is deprecated -W ignore:easy_install command is deprecated setup.py egg_info --egg-base ../../build/my_py_amcl build --build-base /Users/Colegio/miniforge3/envs/ros_env/share/turtlebot3_gazebo/pra_ws/build/my_py_amcl/build install --record /Users/Colegio/miniforge3/envs/ros_env/share/turtlebot3_gazebo/pra_ws/build/my_py_amcl/install.log --single-version-externally-managed install_data
[0.646s] /Users/Colegio/miniforge3/envs/ros_env/lib/python3.11/site-packages/setuptools/_distutils/dist.py:289: UserWarning: Unknown distribution option: 'tests_require'
[0.646s]   warnings.warn(msg)
[0.707s] running egg_info
[0.715s] writing ../../build/my_py_amcl/my_py_amcl.egg-info/PKG-INFO
[0.716s] writing dependency_links to ../../build/my_py_amcl/my_py_amcl.egg-info/dependency_links.txt
[0.716s] writing entry points to ../../build/my_py_amcl/my_py_amcl.egg-info/entry_points.txt
[0.717s] writing requirements to ../../build/my_py_amcl/my_py_amcl.egg-info/requires.txt
[0.717s] writing top-level names to ../../build/my_py_amcl/my_py_amcl.egg-info/top_level.txt
[0.736s] reading manifest file '../../build/my_py_amcl/my_py_amcl.egg-info/SOURCES.txt'
[0.736s] adding license file 'LICENSE'
[0.737s] writing manifest file '../../build/my_py_amcl/my_py_amcl.egg-info/SOURCES.txt'
[0.737s] running build
[0.737s] running build_py
[0.737s] copying my_py_amcl/amcl_node.py -> /Users/Colegio/miniforge3/envs/ros_env/share/turtlebot3_gazebo/pra_ws/build/my_py_amcl/build/lib/my_py_amcl
[0.738s] running install
[0.741s] running install_lib
[0.752s] copying /Users/Colegio/miniforge3/envs/ros_env/share/turtlebot3_gazebo/pra_ws/build/my_py_amcl/build/lib/my_py_amcl/amcl_node.py -> /Users/Colegio/miniforge3/envs/ros_env/share/turtlebot3_gazebo/pra_ws/install/my_py_amcl/lib/python3.11/site-packages/my_py_amcl
[0.752s] byte-compiling /Users/Colegio/miniforge3/envs/ros_env/share/turtlebot3_gazebo/pra_ws/install/my_py_amcl/lib/python3.11/site-packages/my_py_amcl/amcl_node.py to amcl_node.cpython-311.pyc
[0.757s] running install_data
[0.757s] copying launch/amcl_maze.launch.py -> /Users/Colegio/miniforge3/envs/ros_env/share/turtlebot3_gazebo/pra_ws/install/my_py_amcl/share/my_py_amcl/launch
[0.757s] copying rviz/amcl.rviz -> /Users/Colegio/miniforge3/envs/ros_env/share/turtlebot3_gazebo/pra_ws/install/my_py_amcl/share/my_py_amcl/rviz
[0.758s] copying maps/merentiel.yaml -> /Users/Colegio/miniforge3/envs/ros_env/share/turtlebot3_gazebo/pra_ws/install/my_py_amcl/share/my_py_amcl/maps
[0.758s] running install_egg_info
[0.768s] removing '/Users/Colegio/miniforge3/envs/ros_env/share/turtlebot3_gazebo/pra_ws/install/my_py_amcl/lib/python3.11/site-packages/my_py_amcl-0.0.0-py3.11.egg-info' (and everything under it)
[0.769s] Copying ../../build/my_py_amcl/my_py_amcl.egg-info to /Users/Colegio/miniforge3/envs/ros_env/share/turtlebot3_gazebo/pra_ws/install/my_py_amcl/lib/python3.11/site-packages/my_py_amcl-0.0.0-py3.11.egg-info
[0.771s] running install_scripts
[0.791s] Installing amcl_node script to /Users/Colegio/miniforge3/envs/ros_env/share/turtlebot3_gazebo/pra_ws/install/my_py_amcl/lib/my_py_amcl
[0.791s] writing list of installed files to '/Users/Colegio/miniforge3/envs/ros_env/share/turtlebot3_gazebo/pra_ws/build/my_py_amcl/install.log'
[0.817s] Invoked command in '/Users/Colegio/miniforge3/envs/ros_env/share/turtlebot3_gazebo/pra_ws/src/my_py_amcl' returned '0': CONDA_PROMPT_MODIFIER=(ros_env) PYTHONPATH=/Users/Colegio/miniforge3/envs/ros_env/share/turtlebot3_gazebo/pra_ws/build/my_py_amcl/prefix_override:/Users/Colegio/miniforge3/envs/ros_env/lib/python3.11/site-packages/colcon_core/task/python/colcon_distutils_commands:/Users/Colegio/miniforge3/envs/ros_env/share/turtlebot3_gazebo/pra_ws/install/my_py_amcl/lib/python3.11/site-packages:${PYTHONPATH} SHLVL=2 _=/Users/Colegio/miniforge3/envs/ros_env/bin/env __CF_USER_TEXT_ENCODING=0x1F6:0x0:0x0 /Users/Colegio/miniforge3/envs/ros_env/bin/python3.11 -W ignore:setup.py install is deprecated -W ignore:easy_install command is deprecated setup.py egg_info --egg-base ../../build/my_py_amcl build --build-base /Users/Colegio/miniforge3/envs/ros_env/share/turtlebot3_gazebo/pra_ws/build/my_py_amcl/build install --record /Users/Colegio/miniforge3/envs/ros_env/share/turtlebot3_gazebo/pra_ws/build/my_py_amcl/install.log --single-version-externally-managed install_data
