[0.587s] Invoking command in '/Users/Colegio/miniforge3/envs/ros_env/share/turtlebot3_gazebo/pra_ws/src/my_py_amcl': CONDA_PROMPT_MODIFIER=(ros_env) PYTHONPATH=/Users/Colegio/miniforge3/envs/ros_env/share/turtlebot3_gazebo/pra_ws/build/my_py_amcl/prefix_override:/Users/Colegio/miniforge3/envs/ros_env/lib/python3.11/site-packages/colcon_core/task/python/colcon_distutils_commands:/Users/Colegio/miniforge3/envs/ros_env/share/turtlebot3_gazebo/pra_ws/install/my_py_amcl/lib/python3.11/site-packages:${PYTHONPATH} SHLVL=2 _=/Users/Colegio/miniforge3/envs/ros_env/bin/env __CF_USER_TEXT_ENCODING=0x1F6:0x0:0x0 /Users/Colegio/miniforge3/envs/ros_env/bin/python3.11 -W ignore:setup.py install is deprecated -W ignore:easy_install command is deprecated setup.py egg_info --egg-base ../../build/my_py_amcl build --build-base /Users/Colegio/miniforge3/envs/ros_env/share/turtlebot3_gazebo/pra_ws/build/my_py_amcl/build install --record /Users/Colegio/miniforge3/envs/ros_env/share/turtlebot3_gazebo/pra_ws/build/my_py_amcl/install.log --single-version-externally-managed install_data
[0.691s] /Users/Colegio/miniforge3/envs/ros_env/lib/python3.11/site-packages/setuptools/_distutils/dist.py:289: UserWarning: Unknown distribution option: 'tests_require'
[0.691s]   warnings.warn(msg)
[0.754s] running egg_info
[0.765s] writing ../../build/my_py_amcl/my_py_amcl.egg-info/PKG-INFO
[0.765s] writing dependency_links to ../../build/my_py_amcl/my_py_amcl.egg-info/dependency_links.txt
[0.765s] writing entry points to ../../build/my_py_amcl/my_py_amcl.egg-info/entry_points.txt
[0.765s] writing requirements to ../../build/my_py_amcl/my_py_amcl.egg-info/requires.txt
[0.765s] writing top-level names to ../../build/my_py_amcl/my_py_amcl.egg-info/top_level.txt
[0.785s] reading manifest file '../../build/my_py_amcl/my_py_amcl.egg-info/SOURCES.txt'
[0.785s] adding license file 'LICENSE'
[0.786s] writing manifest file '../../build/my_py_amcl/my_py_amcl.egg-info/SOURCES.txt'
[0.786s] running build
[0.786s] running build_py
[0.786s] copying my_py_amcl/amcl_node.py -> /Users/Colegio/miniforge3/envs/ros_env/share/turtlebot3_gazebo/pra_ws/build/my_py_amcl/build/lib/my_py_amcl
[0.787s] running install
[0.790s] running install_lib
[0.800s] copying /Users/Colegio/miniforge3/envs/ros_env/share/turtlebot3_gazebo/pra_ws/build/my_py_amcl/build/lib/my_py_amcl/amcl_node.py -> /Users/Colegio/miniforge3/envs/ros_env/share/turtlebot3_gazebo/pra_ws/install/my_py_amcl/lib/python3.11/site-packages/my_py_amcl
[0.801s] byte-compiling /Users/Colegio/miniforge3/envs/ros_env/share/turtlebot3_gazebo/pra_ws/install/my_py_amcl/lib/python3.11/site-packages/my_py_amcl/amcl_node.py to amcl_node.cpython-311.pyc
[0.805s] running install_data
[0.805s] copying maps/merentiel.pgm -> /Users/Colegio/miniforge3/envs/ros_env/share/turtlebot3_gazebo/pra_ws/install/my_py_amcl/share/my_py_amcl/maps
[0.806s] copying maps/merentiel.yaml -> /Users/Colegio/miniforge3/envs/ros_env/share/turtlebot3_gazebo/pra_ws/install/my_py_amcl/share/my_py_amcl/maps
[0.806s] running install_egg_info
[0.816s] removing '/Users/Colegio/miniforge3/envs/ros_env/share/turtlebot3_gazebo/pra_ws/install/my_py_amcl/lib/python3.11/site-packages/my_py_amcl-0.0.0-py3.11.egg-info' (and everything under it)
[0.817s] Copying ../../build/my_py_amcl/my_py_amcl.egg-info to /Users/Colegio/miniforge3/envs/ros_env/share/turtlebot3_gazebo/pra_ws/install/my_py_amcl/lib/python3.11/site-packages/my_py_amcl-0.0.0-py3.11.egg-info
[0.818s] running install_scripts
[0.837s] Installing amcl_node script to /Users/Colegio/miniforge3/envs/ros_env/share/turtlebot3_gazebo/pra_ws/install/my_py_amcl/lib/my_py_amcl
[0.838s] writing list of installed files to '/Users/Colegio/miniforge3/envs/ros_env/share/turtlebot3_gazebo/pra_ws/build/my_py_amcl/install.log'
[0.868s] Invoked command in '/Users/Colegio/miniforge3/envs/ros_env/share/turtlebot3_gazebo/pra_ws/src/my_py_amcl' returned '0': CONDA_PROMPT_MODIFIER=(ros_env) PYTHONPATH=/Users/Colegio/miniforge3/envs/ros_env/share/turtlebot3_gazebo/pra_ws/build/my_py_amcl/prefix_override:/Users/Colegio/miniforge3/envs/ros_env/lib/python3.11/site-packages/colcon_core/task/python/colcon_distutils_commands:/Users/Colegio/miniforge3/envs/ros_env/share/turtlebot3_gazebo/pra_ws/install/my_py_amcl/lib/python3.11/site-packages:${PYTHONPATH} SHLVL=2 _=/Users/Colegio/miniforge3/envs/ros_env/bin/env __CF_USER_TEXT_ENCODING=0x1F6:0x0:0x0 /Users/Colegio/miniforge3/envs/ros_env/bin/python3.11 -W ignore:setup.py install is deprecated -W ignore:easy_install command is deprecated setup.py egg_info --egg-base ../../build/my_py_amcl build --build-base /Users/Colegio/miniforge3/envs/ros_env/share/turtlebot3_gazebo/pra_ws/build/my_py_amcl/build install --record /Users/Colegio/miniforge3/envs/ros_env/share/turtlebot3_gazebo/pra_ws/build/my_py_amcl/install.log --single-version-externally-managed install_data
