[0.644s] Invoking command in '/Users/Colegio/miniforge3/envs/ros_env/share/turtlebot3_gazebo/pra_ws/src/my_py_amcl': CONDA_PROMPT_MODIFIER=(ros_env) PYTHONPATH=/Users/Colegio/miniforge3/envs/ros_env/share/turtlebot3_gazebo/pra_ws/build/my_py_amcl/prefix_override:/Users/Colegio/miniforge3/envs/ros_env/lib/python3.11/site-packages/colcon_core/task/python/colcon_distutils_commands:/Users/Colegio/miniforge3/envs/ros_env/share/turtlebot3_gazebo/pra_ws/install/my_py_amcl/lib/python3.11/site-packages:${PYTHONPATH} SHLVL=2 _=/Users/Colegio/miniforge3/envs/ros_env/bin/env __CF_USER_TEXT_ENCODING=0x1F6:0x0:0x0 /Users/Colegio/miniforge3/envs/ros_env/bin/python3.11 -W ignore:setup.py install is deprecated -W ignore:easy_install command is deprecated setup.py egg_info --egg-base ../../build/my_py_amcl build --build-base /Users/Colegio/miniforge3/envs/ros_env/share/turtlebot3_gazebo/pra_ws/build/my_py_amcl/build install --record /Users/Colegio/miniforge3/envs/ros_env/share/turtlebot3_gazebo/pra_ws/build/my_py_amcl/install.log --single-version-externally-managed install_data
[0.760s] /Users/Colegio/miniforge3/envs/ros_env/lib/python3.11/site-packages/setuptools/_distutils/dist.py:289: UserWarning: Unknown distribution option: 'tests_require'
[0.760s]   warnings.warn(msg)
[0.817s] running egg_info
[0.826s] writing ../../build/my_py_amcl/my_py_amcl.egg-info/PKG-INFO
[0.826s] writing dependency_links to ../../build/my_py_amcl/my_py_amcl.egg-info/dependency_links.txt
[0.826s] writing entry points to ../../build/my_py_amcl/my_py_amcl.egg-info/entry_points.txt
[0.826s] writing requirements to ../../build/my_py_amcl/my_py_amcl.egg-info/requires.txt
[0.827s] writing top-level names to ../../build/my_py_amcl/my_py_amcl.egg-info/top_level.txt
[0.847s] reading manifest file '../../build/my_py_amcl/my_py_amcl.egg-info/SOURCES.txt'
[0.848s] adding license file 'LICENSE'
[0.848s] writing manifest file '../../build/my_py_amcl/my_py_amcl.egg-info/SOURCES.txt'
[0.848s] running build
[0.848s] running build_py
[0.849s] copying my_py_amcl/amcl_node.py -> /Users/Colegio/miniforge3/envs/ros_env/share/turtlebot3_gazebo/pra_ws/build/my_py_amcl/build/lib/my_py_amcl
[0.849s] running install
[0.852s] running install_lib
[0.862s] copying /Users/Colegio/miniforge3/envs/ros_env/share/turtlebot3_gazebo/pra_ws/build/my_py_amcl/build/lib/my_py_amcl/amcl_node.py -> /Users/Colegio/miniforge3/envs/ros_env/share/turtlebot3_gazebo/pra_ws/install/my_py_amcl/lib/python3.11/site-packages/my_py_amcl
[0.862s] byte-compiling /Users/Colegio/miniforge3/envs/ros_env/share/turtlebot3_gazebo/pra_ws/install/my_py_amcl/lib/python3.11/site-packages/my_py_amcl/amcl_node.py to amcl_node.cpython-311.pyc
[0.866s] running install_data
[0.867s] copying maps/merentiel.pgm -> /Users/Colegio/miniforge3/envs/ros_env/share/turtlebot3_gazebo/pra_ws/install/my_py_amcl/share/my_py_amcl/maps
[0.867s] copying maps/merentiel.yaml -> /Users/Colegio/miniforge3/envs/ros_env/share/turtlebot3_gazebo/pra_ws/install/my_py_amcl/share/my_py_amcl/maps
[0.868s] running install_egg_info
[0.878s] removing '/Users/Colegio/miniforge3/envs/ros_env/share/turtlebot3_gazebo/pra_ws/install/my_py_amcl/lib/python3.11/site-packages/my_py_amcl-0.0.0-py3.11.egg-info' (and everything under it)
[0.879s] Copying ../../build/my_py_amcl/my_py_amcl.egg-info to /Users/Colegio/miniforge3/envs/ros_env/share/turtlebot3_gazebo/pra_ws/install/my_py_amcl/lib/python3.11/site-packages/my_py_amcl-0.0.0-py3.11.egg-info
[0.881s] running install_scripts
[0.901s] Installing amcl_node script to /Users/Colegio/miniforge3/envs/ros_env/share/turtlebot3_gazebo/pra_ws/install/my_py_amcl/lib/my_py_amcl
[0.902s] writing list of installed files to '/Users/Colegio/miniforge3/envs/ros_env/share/turtlebot3_gazebo/pra_ws/build/my_py_amcl/install.log'
[0.929s] Invoked command in '/Users/Colegio/miniforge3/envs/ros_env/share/turtlebot3_gazebo/pra_ws/src/my_py_amcl' returned '0': CONDA_PROMPT_MODIFIER=(ros_env) PYTHONPATH=/Users/Colegio/miniforge3/envs/ros_env/share/turtlebot3_gazebo/pra_ws/build/my_py_amcl/prefix_override:/Users/Colegio/miniforge3/envs/ros_env/lib/python3.11/site-packages/colcon_core/task/python/colcon_distutils_commands:/Users/Colegio/miniforge3/envs/ros_env/share/turtlebot3_gazebo/pra_ws/install/my_py_amcl/lib/python3.11/site-packages:${PYTHONPATH} SHLVL=2 _=/Users/Colegio/miniforge3/envs/ros_env/bin/env __CF_USER_TEXT_ENCODING=0x1F6:0x0:0x0 /Users/Colegio/miniforge3/envs/ros_env/bin/python3.11 -W ignore:setup.py install is deprecated -W ignore:easy_install command is deprecated setup.py egg_info --egg-base ../../build/my_py_amcl build --build-base /Users/Colegio/miniforge3/envs/ros_env/share/turtlebot3_gazebo/pra_ws/build/my_py_amcl/build install --record /Users/Colegio/miniforge3/envs/ros_env/share/turtlebot3_gazebo/pra_ws/build/my_py_amcl/install.log --single-version-externally-managed install_data
