[0.400s] Invoking command in '/Users/Colegio/miniforge3/envs/ros_env/share/turtlebot3_gazebo/pra_ws/src/turtlebot3_slam_mapper': PYTHONPATH=/Users/Colegio/miniforge3/envs/ros_env/share/turtlebot3_gazebo/pra_ws/build/turtlebot3_slam_mapper/prefix_override:/Users/Colegio/miniforge3/envs/ros_env/lib/python3.11/site-packages/colcon_core/task/python/colcon_distutils_commands:/Users/Colegio/miniforge3/envs/ros_env/share/turtlebot3_gazebo/pra_ws/install/turtlebot3_slam_mapper/lib/python3.11/site-packages:${PYTHONPATH} SHLVL=2 _=/Users/Colegio/miniforge3/envs/ros_env/bin/env __CF_USER_TEXT_ENCODING=0x1F6:0x0:0x0 /Users/Colegio/miniforge3/envs/ros_env/bin/python3.11 -W ignore:setup.py install is deprecated -W ignore:easy_install command is deprecated setup.py egg_info --egg-base ../../build/turtlebot3_slam_mapper build --build-base /Users/Colegio/miniforge3/envs/ros_env/share/turtlebot3_gazebo/pra_ws/build/turtlebot3_slam_mapper/build install --record /Users/Colegio/miniforge3/envs/ros_env/share/turtlebot3_gazebo/pra_ws/build/turtlebot3_slam_mapper/install.log --single-version-externally-managed install_data
[0.500s] /Users/Colegio/miniforge3/envs/ros_env/lib/python3.11/site-packages/setuptools/_distutils/dist.py:289: UserWarning: Unknown distribution option: 'tests_require'
[0.500s]   warnings.warn(msg)
[0.581s] running egg_info
[0.589s] writing ../../build/turtlebot3_slam_mapper/turtlebot3_slam_mapper.egg-info/PKG-INFO
[0.590s] writing dependency_links to ../../build/turtlebot3_slam_mapper/turtlebot3_slam_mapper.egg-info/dependency_links.txt
[0.590s] writing entry points to ../../build/turtlebot3_slam_mapper/turtlebot3_slam_mapper.egg-info/entry_points.txt
[0.590s] writing requirements to ../../build/turtlebot3_slam_mapper/turtlebot3_slam_mapper.egg-info/requires.txt
[0.590s] writing top-level names to ../../build/turtlebot3_slam_mapper/turtlebot3_slam_mapper.egg-info/top_level.txt
[0.611s] reading manifest file '../../build/turtlebot3_slam_mapper/turtlebot3_slam_mapper.egg-info/SOURCES.txt'
[0.612s] writing manifest file '../../build/turtlebot3_slam_mapper/turtlebot3_slam_mapper.egg-info/SOURCES.txt'
[0.612s] running build
[0.612s] running build_py
[0.613s] copying turtlebot3_slam_mapper/__init__.py -> /Users/Colegio/miniforge3/envs/ros_env/share/turtlebot3_gazebo/pra_ws/build/turtlebot3_slam_mapper/build/lib/turtlebot3_slam_mapper
[0.613s] copying turtlebot3_slam_mapper/python_slam_node.py -> /Users/Colegio/miniforge3/envs/ros_env/share/turtlebot3_gazebo/pra_ws/build/turtlebot3_slam_mapper/build/lib/turtlebot3_slam_mapper
[0.613s] running install
[0.617s] running install_lib
[0.628s] copying /Users/Colegio/miniforge3/envs/ros_env/share/turtlebot3_gazebo/pra_ws/build/turtlebot3_slam_mapper/build/lib/turtlebot3_slam_mapper/python_slam_node.py -> /Users/Colegio/miniforge3/envs/ros_env/share/turtlebot3_gazebo/pra_ws/install/turtlebot3_slam_mapper/lib/python3.11/site-packages/turtlebot3_slam_mapper
[0.629s] byte-compiling /Users/Colegio/miniforge3/envs/ros_env/share/turtlebot3_gazebo/pra_ws/install/turtlebot3_slam_mapper/lib/python3.11/site-packages/turtlebot3_slam_mapper/python_slam_node.py to python_slam_node.cpython-311.pyc
[0.631s] running install_data
[0.632s] copying resource/turtlebot3_slam_mapper -> /Users/Colegio/miniforge3/envs/ros_env/share/turtlebot3_gazebo/pra_ws/install/turtlebot3_slam_mapper/share/ament_index/resource_index/packages
[0.632s] copying package.xml -> /Users/Colegio/miniforge3/envs/ros_env/share/turtlebot3_gazebo/pra_ws/install/turtlebot3_slam_mapper/share/turtlebot3_slam_mapper
[0.632s] copying launch/python_slam_maze.launch.py -> /Users/Colegio/miniforge3/envs/ros_env/share/turtlebot3_gazebo/pra_ws/install/turtlebot3_slam_mapper/share/turtlebot3_slam_mapper/launch
[0.633s] copying rviz/slam_maze.rviz -> /Users/Colegio/miniforge3/envs/ros_env/share/turtlebot3_gazebo/pra_ws/install/turtlebot3_slam_mapper/share/turtlebot3_slam_mapper/rviz
[0.633s] copying config/slam_toolbox_params.yaml -> /Users/Colegio/miniforge3/envs/ros_env/share/turtlebot3_gazebo/pra_ws/install/turtlebot3_slam_mapper/share/turtlebot3_slam_mapper/config
[0.634s] running install_egg_info
[0.646s] removing '/Users/Colegio/miniforge3/envs/ros_env/share/turtlebot3_gazebo/pra_ws/install/turtlebot3_slam_mapper/lib/python3.11/site-packages/turtlebot3_slam_mapper-0.0.0-py3.11.egg-info' (and everything under it)
[0.647s] Copying ../../build/turtlebot3_slam_mapper/turtlebot3_slam_mapper.egg-info to /Users/Colegio/miniforge3/envs/ros_env/share/turtlebot3_gazebo/pra_ws/install/turtlebot3_slam_mapper/lib/python3.11/site-packages/turtlebot3_slam_mapper-0.0.0-py3.11.egg-info
[0.649s] running install_scripts
[0.668s] Installing python_slam_node script to /Users/Colegio/miniforge3/envs/ros_env/share/turtlebot3_gazebo/pra_ws/install/turtlebot3_slam_mapper/lib/turtlebot3_slam_mapper
[0.669s] writing list of installed files to '/Users/Colegio/miniforge3/envs/ros_env/share/turtlebot3_gazebo/pra_ws/build/turtlebot3_slam_mapper/install.log'
[0.687s] Invoked command in '/Users/Colegio/miniforge3/envs/ros_env/share/turtlebot3_gazebo/pra_ws/src/turtlebot3_slam_mapper' returned '0': PYTHONPATH=/Users/Colegio/miniforge3/envs/ros_env/share/turtlebot3_gazebo/pra_ws/build/turtlebot3_slam_mapper/prefix_override:/Users/Colegio/miniforge3/envs/ros_env/lib/python3.11/site-packages/colcon_core/task/python/colcon_distutils_commands:/Users/Colegio/miniforge3/envs/ros_env/share/turtlebot3_gazebo/pra_ws/install/turtlebot3_slam_mapper/lib/python3.11/site-packages:${PYTHONPATH} SHLVL=2 _=/Users/Colegio/miniforge3/envs/ros_env/bin/env __CF_USER_TEXT_ENCODING=0x1F6:0x0:0x0 /Users/Colegio/miniforge3/envs/ros_env/bin/python3.11 -W ignore:setup.py install is deprecated -W ignore:easy_install command is deprecated setup.py egg_info --egg-base ../../build/turtlebot3_slam_mapper build --build-base /Users/Colegio/miniforge3/envs/ros_env/share/turtlebot3_gazebo/pra_ws/build/turtlebot3_slam_mapper/build install --record /Users/Colegio/miniforge3/envs/ros_env/share/turtlebot3_gazebo/pra_ws/build/turtlebot3_slam_mapper/install.log --single-version-externally-managed install_data
